<?xml version="1.0" encoding="UTF-8"?>
<testng-results total="1" passed="1" failed="0" skipped="0">
  <reporter-output>
  </reporter-output>
  <suite started-at="2026-03-16T10:45:22Z" name="Default suite" finished-at="2026-03-16T10:45:23Z" duration-ms="702">
    <groups>
    </groups>
    <test started-at="2026-03-16T10:45:22Z" name="Default test" finished-at="2026-03-16T10:45:23Z" duration-ms="702">
      <class name="com.projectName.tests.PageFactoryLoginTest">
        <test-method signature="loginTest()[pri:0, instance:com.projectName.tests.PageFactoryLoginTest@4ebea12c]" started-at="2026-03-16T16:15:22Z" name="loginTest" finished-at="2026-03-16T16:15:23Z" duration-ms="657" status="PASS">
          <reporter-output>
          </reporter-output>
        </test-method> <!-- loginTest -->
      </class> <!-- com.projectName.tests.PageFactoryLoginTest -->
    </test> <!-- Default test -->
  </suite> <!-- Default suite -->
</testng-results>
