<?xml version="1.0" encoding="UTF-8"?>
<testng-results ignored="0" total="1" passed="1" failed="0" skipped="0">
  <reporter-output>
  </reporter-output>
  <suite started-at="2026-03-11T07:54:13Z" name="Default suite" finished-at="2026-03-11T07:54:33Z" duration-ms="19943">
    <groups>
    </groups>
    <test started-at="2026-03-11T07:54:13Z" name="Default test" finished-at="2026-03-11T07:54:33Z" duration-ms="19943">
      <class name="javaPackage.TestWebDriverManager">
        <test-method signature="a()[pri:0, instance:javaPackage.TestWebDriverManager@3f67593e]" started-at="2026-03-11T07:54:13Z" name="a" finished-at="2026-03-11T07:54:33Z" duration-ms="19894" status="PASS">
          <reporter-output>
          </reporter-output>
        </test-method> <!-- a -->
      </class> <!-- javaPackage.TestWebDriverManager -->
    </test> <!-- Default test -->
  </suite> <!-- Default suite -->
</testng-results>
