<?xml version="1.0" encoding="UTF-8"?>
<!-- Generated by org.testng.reporters.JUnitXMLReporter -->
<testsuite hostname="DESKTOP-9J8SNU6" failures="1" tests="28" name="Test" time="0.127" errors="0" timestamp="11 Mar 2026 11:15:47 GMT">
  <testcase classname="onlinejavatraining.TestNG3" name="a" time="0.011"/>
  <testcase classname="onlinejavatraining.TestNG2" name="ab" time="0.0"/>
  <testcase classname="onlinejavatraining.TestNG2" name="a1" time="0.001"/>
  <testcase classname="onlinejavatraining.TestNG2" name="a3" time="0.002"/>
  <testcase classname="onlinejavatraining.TestNG2" name="z" time="0.001"/>
  <testcase classname="onlinejavatraining.TestNG3" name="d" time="0.001"/>
  <testcase classname="onlinejavatraining.TestNG3" name="c" time="0.001"/>
  <testcase classname="onlinejavatraining.TestNG1" name="B1" time="0.001"/>
  <testcase classname="onlinejavatraining.TestNG1" name="a" time="0.003"/>
  <testcase classname="onlinejavatraining.TestNG1" name="a1" time="0.001"/>
  <testcase classname="onlinejavatraining.TestNG6" name="a" time="0.013"/>
  <testcase classname="onlinejavatraining.TestNG6" name="b" time="0.001"/>
  <testcase classname="onlinejavatraining.TestNG6" name="c" time="0.002">
    <failure type="java.lang.AssertionError">
      <![CDATA[java.lang.AssertionError
	at org.junit.Assert.fail(Assert.java:86)
	at org.junit.Assert.assertTrue(Assert.java:41)
	at org.junit.Assert.assertTrue(Assert.java:52)
	at onlinejavatraining.TestNG6.c(TestNG6.java:23)
... Removed 24 stack frames]]>
    </failure>
  </testcase> <!-- c -->
  <testcase classname="onlinejavatraining.TestNG6" name="e" time="0.002"/>
  <testcase classname="onlinejavatraining.TestNG4" name="c" time="0.001"/>
  <testcase classname="onlinejavatraining.TestNG4" name="d" time="0.001"/>
  <testcase classname="onlinejavatraining.TestNG4" name="d" time="0.001"/>
  <testcase classname="onlinejavatraining.TestNG4" name="f" time="0.001">
    <skipped/>
  </testcase> <!-- f -->
  <testcase classname="onlinejavatraining.TestNG5" name="a" time="0.0"/>
  <testcase classname="onlinejavatraining.TestNG5" name="c" time="0.003"/>
  <testcase classname="onlinejavatraining.TestNG7" name="a" time="0.0"/>
  <testcase classname="onlinejavatraining.TestNG7" name="b" time="0.0"/>
  <testcase classname="onlinejavatraining.TestNG7" name="c" time="0.001"/>
  <testcase classname="onlinejavatraining.TestNG7" name="d" time="0.0"/>
  <testcase classname="onlinejavatraining.TestNG7" name="e" time="0.001"/>
  <testcase classname="onlinejavatraining.TestNG7" name="f" time="0.001"/>
  <testcase classname="onlinejavatraining.TestNG3" name="b" time="0.002"/>
  <testcase classname="onlinejavatraining.TestNG6" name="d" time="0.0">
    <skipped/>
  </testcase> <!-- d -->
</testsuite> <!-- Test -->
