<?xml version="1.0" encoding="UTF-8"?>
<!-- Generated by org.testng.reporters.JUnitReportReporter -->
<testsuite hostname="DESKTOP-9J8SNU6" failures="0" tests="6" name="onlinejavatraining.TestNG7" time="0.003" errors="0" timestamp="11 Mar 2026 11:15:47 GMT">
  <testcase classname="onlinejavatraining.TestNG7" name="c" time="0.001"/>
  <testcase classname="onlinejavatraining.TestNG7" name="f" time="0.001"/>
  <testcase classname="onlinejavatraining.TestNG7" name="a" time="0.000"/>
  <testcase classname="onlinejavatraining.TestNG7" name="d" time="0.000"/>
  <testcase classname="onlinejavatraining.TestNG7" name="e" time="0.001"/>
  <testcase classname="onlinejavatraining.TestNG7" name="b" time="0.000"/>
</testsuite> <!-- onlinejavatraining.TestNG7 -->
