<?xml version="1.0" encoding="UTF-8"?>
<!-- Generated by org.testng.reporters.JUnitReportReporter -->
<testsuite hostname="DESKTOP-9J8SNU6" failures="0" tests="3" name="onlinejavatraining.TestNG8" time="13.996" errors="0" timestamp="11 Mar 2026 11:41:12 GMT">
  <testcase classname="onlinejavatraining.TestNG8" name="enterData" time="4.670"/>
  <testcase classname="onlinejavatraining.TestNG8" name="enterData" time="4.666"/>
  <testcase classname="onlinejavatraining.TestNG8" name="enterData" time="4.660"/>
</testsuite> <!-- onlinejavatraining.TestNG8 -->
