<?xml version="1.0" encoding="UTF-8"?>
<!-- Generated by org.testng.reporters.JUnitReportReporter -->
<testsuite hostname="DESKTOP-9J8SNU6" failures="0" tests="3" name="onlinejavatraining.TestNG1" time="0.007" errors="0" timestamp="11 Mar 2026 11:15:47 GMT">
  <testcase classname="onlinejavatraining.TestNG1" name="B1" time="0.003"/>
  <testcase classname="onlinejavatraining.TestNG1" name="a1" time="0.001"/>
  <testcase classname="onlinejavatraining.TestNG1" name="a" time="0.003"/>
</testsuite> <!-- onlinejavatraining.TestNG1 -->
