<?xml version="1.0" encoding="UTF-8"?>
<!-- Generated by org.testng.reporters.JUnitReportReporter -->
<testsuite hostname="DESKTOP-9J8SNU6" failures="0" tests="4" name="onlinejavatraining.TestNG2" time="0.004" errors="0" timestamp="11 Mar 2026 11:15:47 GMT">
  <testcase classname="onlinejavatraining.TestNG2" name="a1" time="0.001"/>
  <testcase classname="onlinejavatraining.TestNG2" name="ab" time="0.000"/>
  <testcase classname="onlinejavatraining.TestNG2" name="z" time="0.001"/>
  <testcase classname="onlinejavatraining.TestNG2" name="a3" time="0.002"/>
</testsuite> <!-- onlinejavatraining.TestNG2 -->
