<?xml version="1.0" encoding="UTF-8"?>
<!-- Generated by org.testng.reporters.JUnitReportReporter -->
<testsuite hostname="DESKTOP-9J8SNU6" failures="0" tests="4" name="onlinejavatraining.TestNG3" time="0.015" errors="0" timestamp="11 Mar 2026 11:15:47 GMT">
  <testcase classname="onlinejavatraining.TestNG3" name="a" time="0.011"/>
  <testcase classname="onlinejavatraining.TestNG3" name="b" time="0.002"/>
  <testcase classname="onlinejavatraining.TestNG3" name="c" time="0.001"/>
  <testcase classname="onlinejavatraining.TestNG3" name="d" time="0.001"/>
</testsuite> <!-- onlinejavatraining.TestNG3 -->
